c:\users\arpsingh\source\repos\winrtapp\runtimecomponent1\debug\class.obj
c:\users\arpsingh\source\repos\winrtapp\runtimecomponent1\debug\democlass.obj
c:\users\arpsingh\source\repos\winrtapp\runtimecomponent1\debug\module.g.obj
c:\users\arpsingh\source\repos\winrtapp\runtimecomponent1\debug\source.obj
c:\users\arpsingh\source\repos\winrtapp\runtimecomponent1\debug\pch.pch
c:\users\arpsingh\source\repos\winrtapp\runtimecomponent1\debug\vc141.pdb
c:\users\arpsingh\source\repos\winrtapp\runtimecomponent1\debug\vc141.idb
c:\users\arpsingh\source\repos\winrtapp\runtimecomponent1\debug\pch.obj
c:\users\arpsingh\source\repos\winrtapp\debug\runtimecomponent1\runtimecomponent1.dll
c:\users\arpsingh\source\repos\winrtapp\debug\runtimecomponent1\runtimecomponent1.ilk
c:\users\arpsingh\source\repos\winrtapp\debug\runtimecomponent1\runtimecomponent1.pdb
c:\users\arpsingh\source\repos\winrtapp\runtimecomponent1\debug\unmerged\class.winmd
c:\users\arpsingh\source\repos\winrtapp\runtimecomponent1\debug\unmerged\source.winmd
c:\users\arpsingh\source\repos\winrtapp\debug\runtimecomponent1\runtimecomponent1.winmd
c:\users\arpsingh\source\repos\winrtapp\debug\runtimecomponent1\runtimecomponent1.lib
c:\users\arpsingh\source\repos\winrtapp\debug\runtimecomponent1\runtimecomponent1.exp
c:\users\arpsingh\source\repos\winrtapp\runtimecomponent1\debug\priconfig.xml
c:\users\arpsingh\source\repos\winrtapp\runtimecomponent1\debug\priconfig.xml.intermediate
c:\users\arpsingh\source\repos\winrtapp\runtimecomponent1\debug\unfiltered.layout.resfiles
c:\users\arpsingh\source\repos\winrtapp\runtimecomponent1\debug\unfiltered.layout.resfiles.intermediate
c:\users\arpsingh\source\repos\winrtapp\runtimecomponent1\debug\filtered.layout.resfiles
c:\users\arpsingh\source\repos\winrtapp\runtimecomponent1\debug\filtered.layout.resfiles.intermediate
c:\users\arpsingh\source\repos\winrtapp\runtimecomponent1\debug\excluded.layout.resfiles
c:\users\arpsingh\source\repos\winrtapp\runtimecomponent1\debug\excluded.layout.resfiles.intermediate
c:\users\arpsingh\source\repos\winrtapp\runtimecomponent1\debug\resources.resfiles
c:\users\arpsingh\source\repos\winrtapp\runtimecomponent1\debug\resources.resfiles.intermediate
c:\users\arpsingh\source\repos\winrtapp\runtimecomponent1\debug\pri.resfiles
c:\users\arpsingh\source\repos\winrtapp\runtimecomponent1\debug\pri.resfiles.intermediate
c:\users\arpsingh\source\repos\winrtapp\debug\runtimecomponent1\runtimecomponent1.pri
c:\users\arpsingh\source\repos\winrtapp\runtimecomponent1\debug\qualifiers.txt
c:\users\arpsingh\source\repos\winrtapp\runtimecomponent1\debug\qualifiers.txt.intermediate
c:\users\arpsingh\source\repos\winrtapp\runtimecomponent1\debug\multiplequalifiersperdimensionfound.txt
c:\users\arpsingh\source\repos\winrtapp\runtimecomponent1\debug\runtimecomponent1.vcxprojassemblyreference.cache
c:\users\arpsingh\source\repos\winrtapp\runtimecomponent1\debug\runtimec.11ecbd39.tlog\cl.command.1.tlog
c:\users\arpsingh\source\repos\winrtapp\runtimecomponent1\debug\runtimec.11ecbd39.tlog\cl.read.1.tlog
c:\users\arpsingh\source\repos\winrtapp\runtimecomponent1\debug\runtimec.11ecbd39.tlog\cl.write.1.tlog
c:\users\arpsingh\source\repos\winrtapp\runtimecomponent1\debug\runtimec.11ecbd39.tlog\link.command.1.tlog
c:\users\arpsingh\source\repos\winrtapp\runtimecomponent1\debug\runtimec.11ecbd39.tlog\link.read.1.tlog
c:\users\arpsingh\source\repos\winrtapp\runtimecomponent1\debug\runtimec.11ecbd39.tlog\link.write.1.tlog
c:\users\arpsingh\source\repos\winrtapp\runtimecomponent1\debug\runtimec.11ecbd39.tlog\midl-midlrt-cl.11796.read.1.tlog
c:\users\arpsingh\source\repos\winrtapp\runtimecomponent1\debug\runtimec.11ecbd39.tlog\midl-midlrt.write.1.tlog
c:\users\arpsingh\source\repos\winrtapp\runtimecomponent1\debug\runtimec.11ecbd39.tlog\midl.command.1.tlog
c:\users\arpsingh\source\repos\winrtapp\runtimecomponent1\debug\runtimec.11ecbd39.tlog\runtimecomponent1.read.1u.tlog
c:\users\arpsingh\source\repos\winrtapp\runtimecomponent1\debug\runtimec.11ecbd39.tlog\runtimecomponent1.write.1u.tlog
c:\users\arpsingh\source\repos\winrtapp\runtimecomponent1\generated files\class.g.h
c:\users\arpsingh\source\repos\winrtapp\runtimecomponent1\generated files\source.g.h
c:\users\arpsingh\source\repos\winrtapp\runtimecomponent1\generated files\module.g.cpp
