c:\users\arpsingh\source\repos\winrtapp\cpplib\x64\debug\cpplib.pch
c:\users\arpsingh\source\repos\winrtapp\cpplib\x64\debug\cpplib.pdb
c:\users\arpsingh\source\repos\winrtapp\cpplib\x64\debug\cpplib.idb
c:\users\arpsingh\source\repos\winrtapp\cpplib\x64\debug\pch.obj
c:\users\arpsingh\source\repos\winrtapp\cpplib\x64\debug\cpplib.obj
c:\users\arpsingh\source\repos\winrtapp\x64\debug\cpplib\cpplib.pdb
c:\users\arpsingh\source\repos\winrtapp\cpplib\x64\debug\priconfig.xml
c:\users\arpsingh\source\repos\winrtapp\cpplib\x64\debug\priconfig.xml.intermediate
c:\users\arpsingh\source\repos\winrtapp\cpplib\x64\debug\unfiltered.layout.resfiles
c:\users\arpsingh\source\repos\winrtapp\cpplib\x64\debug\unfiltered.layout.resfiles.intermediate
c:\users\arpsingh\source\repos\winrtapp\cpplib\x64\debug\filtered.layout.resfiles
c:\users\arpsingh\source\repos\winrtapp\cpplib\x64\debug\filtered.layout.resfiles.intermediate
c:\users\arpsingh\source\repos\winrtapp\cpplib\x64\debug\excluded.layout.resfiles
c:\users\arpsingh\source\repos\winrtapp\cpplib\x64\debug\excluded.layout.resfiles.intermediate
c:\users\arpsingh\source\repos\winrtapp\cpplib\x64\debug\resources.resfiles
c:\users\arpsingh\source\repos\winrtapp\cpplib\x64\debug\resources.resfiles.intermediate
c:\users\arpsingh\source\repos\winrtapp\cpplib\x64\debug\pri.resfiles
c:\users\arpsingh\source\repos\winrtapp\cpplib\x64\debug\pri.resfiles.intermediate
c:\users\arpsingh\source\repos\winrtapp\x64\debug\cpplib\cpplib.pri
c:\users\arpsingh\source\repos\winrtapp\cpplib\x64\debug\qualifiers.txt
c:\users\arpsingh\source\repos\winrtapp\cpplib\x64\debug\qualifiers.txt.intermediate
c:\users\arpsingh\source\repos\winrtapp\cpplib\x64\debug\multiplequalifiersperdimensionfound.txt
c:\users\arpsingh\source\repos\winrtapp\x64\debug\cpplib\cpplib.lib
c:\users\arpsingh\source\repos\winrtapp\cpplib\x64\debug\cpplib.tlog\cl.command.1.tlog
c:\users\arpsingh\source\repos\winrtapp\cpplib\x64\debug\cpplib.tlog\cl.read.1.tlog
c:\users\arpsingh\source\repos\winrtapp\cpplib\x64\debug\cpplib.tlog\cl.write.1.tlog
c:\users\arpsingh\source\repos\winrtapp\cpplib\x64\debug\cpplib.tlog\cpplib.read.1u.tlog
c:\users\arpsingh\source\repos\winrtapp\cpplib\x64\debug\cpplib.tlog\cpplib.write.1u.tlog
c:\users\arpsingh\source\repos\winrtapp\cpplib\x64\debug\cpplib.tlog\lib-link.read.1.tlog
c:\users\arpsingh\source\repos\winrtapp\cpplib\x64\debug\cpplib.tlog\lib-link.write.1.tlog
c:\users\arpsingh\source\repos\winrtapp\cpplib\x64\debug\cpplib.tlog\lib.command.1.tlog
